<?xml version='1.0' encoding='UTF-8' ?>
<testsuite name="com.truecapp.mobile.DemoUiTest" tests="15" failures="0" errors="0" skipped="0" time="36.456" timestamp="2026-09-06T20:34:36" hostname="localhost">
  <properties>
    <property name="device" value="Pixel_8(AVD) - 17" />
    <property name="flavor" value="" />
    <property name="project" value=":app" />
  </properties>
  <testcase name="auctionRejectsInsufficientBidClosesAndResets" classname="com.truecapp.mobile.DemoUiTest" time="12.116" />
  <testcase name="selectedProductTradeAndFavoritesReachPersistentLists" classname="com.truecapp.mobile.DemoUiTest" time="7.532" />
  <testcase name="acceptingReceivedProposalUpdatesProfileCount" classname="com.truecapp.mobile.DemoUiTest" time="4.69" />
  <testcase name="publicationCanBeCreatedRestoredEditedAndDeleted" classname="com.truecapp.mobile.DemoUiTest" time="8.388" />
  <testcase name="proposalUsesSelectedProductAndRejectsDuplicateAndIneligibleProducts" classname="com.truecapp.mobile.RoomWorkflowTest" time="0.277" />
  <testcase name="pricesKeepCentsAndRejectInvalidInputs" classname="com.truecapp.mobile.RoomWorkflowTest" time="0.097" />
  <testcase name="explicitResetRecreatesDemoAndRestartsAuction" classname="com.truecapp.mobile.RoomWorkflowTest" time="0.245" />
  <testcase name="acceptingProposalArchivesProductsAndCancelsCompetingProposalsAtomically" classname="com.truecapp.mobile.RoomWorkflowTest" time="0.058" />
  <testcase name="competingEqualBidsCannotBothSucceed" classname="com.truecapp.mobile.RoomWorkflowTest" time="0.056" />
  <testcase name="bidsPersistAndRejectInsufficientDuplicateAndExpiredOffers" classname="com.truecapp.mobile.RoomWorkflowTest" time="0.057" />
  <testcase name="favoritesAreUniqueAndCascadeWhenOwnProductIsDeleted" classname="com.truecapp.mobile.RoomWorkflowTest" time="0.033" />
  <testcase name="referencedProductIsArchivedAndPendingProposalsCancelled" classname="com.truecapp.mobile.RoomWorkflowTest" time="0.057" />
  <testcase name="observableDataReflectsEditsNotOnlyRowCounts" classname="com.truecapp.mobile.RoomWorkflowTest" time="0.057" />
  <testcase name="permissionsAndForeignKeysRejectInvalidChanges" classname="com.truecapp.mobile.RoomWorkflowTest" time="0.03" />
  <testcase name="productCrudPersistsAcrossReopenAndDoesNotReseed" classname="com.truecapp.mobile.RoomWorkflowTest" time="0.057" />
</testsuite>